{"/home/eitan/react/my-app/app/hooks/CalendarSettings.tsx": {"path":"/home/eitan/react/my-app/app/hooks/CalendarSettings.tsx","statementMap":{"0":{"start":{"line":10,"column":16},"end":{"line":15,"column":1}},"1":{"start":{"line":28,"column":32},"end":{"line":28,"column":98}},"2":{"start":{"line":30,"column":81},"end":{"line":110,"column":1}},"3":{"start":{"line":31,"column":49},"end":{"line":31,"column":93}},"4":{"start":{"line":32,"column":41},"end":{"line":32,"column":67}},"5":{"start":{"line":33,"column":45},"end":{"line":33,"column":73}},"6":{"start":{"line":34,"column":45},"end":{"line":34,"column":73}},"7":{"start":{"line":37,"column":25},"end":{"line":42,"column":5}},"8":{"start":{"line":45,"column":4},"end":{"line":59,"column":11}},"9":{"start":{"line":46,"column":29},"end":{"line":56,"column":9}},"10":{"start":{"line":47,"column":38},"end":{"line":47,"column":90}},"11":{"start":{"line":48,"column":34},"end":{"line":48,"column":82}},"12":{"start":{"line":49,"column":36},"end":{"line":49,"column":86}},"13":{"start":{"line":50,"column":36},"end":{"line":50,"column":86}},"14":{"start":{"line":52,"column":12},"end":{"line":52,"column":113}},"15":{"start":{"line":53,"column":12},"end":{"line":53,"column":90}},"16":{"start":{"line":54,"column":12},"end":{"line":54,"column":98}},"17":{"start":{"line":55,"column":12},"end":{"line":55,"column":98}},"18":{"start":{"line":58,"column":8},"end":{"line":58,"column":23}},"19":{"start":{"line":62,"column":28},"end":{"line":65,"column":5}},"20":{"start":{"line":63,"column":8},"end":{"line":63,"column":35}},"21":{"start":{"line":64,"column":8},"end":{"line":64,"column":67}},"22":{"start":{"line":68,"column":27},"end":{"line":74,"column":5}},"23":{"start":{"line":69,"column":8},"end":{"line":73,"column":11}},"24":{"start":{"line":70,"column":29},"end":{"line":70,"column":34}},"25":{"start":{"line":71,"column":12},"end":{"line":71,"column":76}},"26":{"start":{"line":72,"column":12},"end":{"line":72,"column":28}},"27":{"start":{"line":77,"column":29},"end":{"line":83,"column":5}},"28":{"start":{"line":78,"column":8},"end":{"line":82,"column":11}},"29":{"start":{"line":79,"column":29},"end":{"line":79,"column":34}},"30":{"start":{"line":80,"column":12},"end":{"line":80,"column":78}},"31":{"start":{"line":81,"column":12},"end":{"line":81,"column":28}},"32":{"start":{"line":86,"column":29},"end":{"line":92,"column":5}},"33":{"start":{"line":87,"column":8},"end":{"line":91,"column":11}},"34":{"start":{"line":88,"column":29},"end":{"line":88,"column":34}},"35":{"start":{"line":89,"column":12},"end":{"line":89,"column":78}},"36":{"start":{"line":90,"column":12},"end":{"line":90,"column":28}},"37":{"start":{"line":94,"column":4},"end":{"line":109,"column":6}},"38":{"start":{"line":114,"column":35},"end":{"line":120,"column":1}},"39":{"start":{"line":115,"column":20},"end":{"line":115,"column":55}},"40":{"start":{"line":116,"column":4},"end":{"line":118,"column":5}},"41":{"start":{"line":117,"column":8},"end":{"line":117,"column":94}},"42":{"start":{"line":119,"column":4},"end":{"line":119,"column":19}}},"fnMap":{"0":{"name":"(anonymous_0)","decl":{"start":{"line":30,"column":81},"end":{"line":30,"column":82}},"loc":{"start":{"line":30,"column":99},"end":{"line":110,"column":1}},"line":30},"1":{"name":"(anonymous_1)","decl":{"start":{"line":45,"column":14},"end":{"line":45,"column":15}},"loc":{"start":{"line":45,"column":20},"end":{"line":59,"column":5}},"line":45},"2":{"name":"(anonymous_2)","decl":{"start":{"line":46,"column":29},"end":{"line":46,"column":30}},"loc":{"start":{"line":46,"column":41},"end":{"line":56,"column":9}},"line":46},"3":{"name":"(anonymous_3)","decl":{"start":{"line":62,"column":28},"end":{"line":62,"column":29}},"loc":{"start":{"line":62,"column":58},"end":{"line":65,"column":5}},"line":62},"4":{"name":"(anonymous_4)","decl":{"start":{"line":68,"column":27},"end":{"line":68,"column":28}},"loc":{"start":{"line":68,"column":39},"end":{"line":74,"column":5}},"line":68},"5":{"name":"(anonymous_5)","decl":{"start":{"line":69,"column":25},"end":{"line":69,"column":26}},"loc":{"start":{"line":69,"column":35},"end":{"line":73,"column":9}},"line":69},"6":{"name":"(anonymous_6)","decl":{"start":{"line":77,"column":29},"end":{"line":77,"column":30}},"loc":{"start":{"line":77,"column":41},"end":{"line":83,"column":5}},"line":77},"7":{"name":"(anonymous_7)","decl":{"start":{"line":78,"column":27},"end":{"line":78,"column":28}},"loc":{"start":{"line":78,"column":37},"end":{"line":82,"column":9}},"line":78},"8":{"name":"(anonymous_8)","decl":{"start":{"line":86,"column":29},"end":{"line":86,"column":30}},"loc":{"start":{"line":86,"column":41},"end":{"line":92,"column":5}},"line":86},"9":{"name":"(anonymous_9)","decl":{"start":{"line":87,"column":27},"end":{"line":87,"column":28}},"loc":{"start":{"line":87,"column":37},"end":{"line":91,"column":9}},"line":87},"10":{"name":"(anonymous_10)","decl":{"start":{"line":114,"column":35},"end":{"line":114,"column":36}},"loc":{"start":{"line":114,"column":41},"end":{"line":120,"column":1}},"line":114}},"branchMap":{"0":{"loc":{"start":{"line":52,"column":33},"end":{"line":52,"column":111}},"type":"cond-expr","locations":[{"start":{"line":52,"column":54},"end":{"line":52,"column":87}},{"start":{"line":52,"column":91},"end":{"line":52,"column":111}}],"line":52},"1":{"loc":{"start":{"line":53,"column":29},"end":{"line":53,"column":88}},"type":"cond-expr","locations":[{"start":{"line":53,"column":45},"end":{"line":53,"column":69}},{"start":{"line":53,"column":72},"end":{"line":53,"column":88}}],"line":53},"2":{"loc":{"start":{"line":54,"column":31},"end":{"line":54,"column":96}},"type":"cond-expr","locations":[{"start":{"line":54,"column":49},"end":{"line":54,"column":75}},{"start":{"line":54,"column":78},"end":{"line":54,"column":96}}],"line":54},"3":{"loc":{"start":{"line":55,"column":31},"end":{"line":55,"column":96}},"type":"cond-expr","locations":[{"start":{"line":55,"column":49},"end":{"line":55,"column":75}},{"start":{"line":55,"column":78},"end":{"line":55,"column":96}}],"line":55},"4":{"loc":{"start":{"line":116,"column":4},"end":{"line":118,"column":5}},"type":"if","locations":[{"start":{"line":116,"column":4},"end":{"line":118,"column":5}},{"start":{},"end":{}}],"line":116}},"s":{"0":1,"1":1,"2":1,"3":0,"4":0,"5":0,"6":0,"7":0,"8":0,"9":0,"10":0,"11":0,"12":0,"13":0,"14":0,"15":0,"16":0,"17":0,"18":0,"19":0,"20":0,"21":0,"22":0,"23":0,"24":0,"25":0,"26":0,"27":0,"28":0,"29":0,"30":0,"31":0,"32":0,"33":0,"34":0,"35":0,"36":0,"37":0,"38":1,"39":0,"40":0,"41":0,"42":0},"f":{"0":0,"1":0,"2":0,"3":0,"4":0,"5":0,"6":0,"7":0,"8":0,"9":0,"10":0},"b":{"0":[0,0],"1":[0,0],"2":[0,0],"3":[0,0],"4":[0,0]},"_coverageSchema":"1a1c01bbd47fc00a2c39e90264f33305004495a9","hash":"e2b190a4b8e72bba39759923a8ab5906bea18b02"}
,"/home/eitan/react/my-app/app/utils/DateUtils.tsx": {"path":"/home/eitan/react/my-app/app/utils/DateUtils.tsx","statementMap":{"0":{"start":{"line":28,"column":8},"end":{"line":28,"column":25}},"1":{"start":{"line":29,"column":8},"end":{"line":29,"column":39}},"2":{"start":{"line":30,"column":8},"end":{"line":30,"column":33}},"3":{"start":{"line":31,"column":8},"end":{"line":31,"column":41}},"4":{"start":{"line":38,"column":8},"end":{"line":38,"column":25}},"5":{"start":{"line":45,"column":22},"end":{"line":45,"column":32}},"6":{"start":{"line":46,"column":8},"end":{"line":50,"column":10}},"7":{"start":{"line":58,"column":8},"end":{"line":62,"column":10}},"8":{"start":{"line":69,"column":8},"end":{"line":73,"column":10}},"9":{"start":{"line":82,"column":28},"end":{"line":88,"column":9}},"10":{"start":{"line":91,"column":20},"end":{"line":91,"column":58}},"11":{"start":{"line":94,"column":8},"end":{"line":94,"column":31}},"12":{"start":{"line":96,"column":8},"end":{"line":107,"column":9}},"13":{"start":{"line":98,"column":16},"end":{"line":98,"column":67}},"14":{"start":{"line":100,"column":16},"end":{"line":100,"column":66}},"15":{"start":{"line":102,"column":16},"end":{"line":102,"column":105}},"16":{"start":{"line":104,"column":16},"end":{"line":104,"column":86}},"17":{"start":{"line":106,"column":16},"end":{"line":106,"column":48}},"18":{"start":{"line":114,"column":31},"end":{"line":114,"column":60}},"19":{"start":{"line":115,"column":36},"end":{"line":115,"column":61}},"20":{"start":{"line":116,"column":8},"end":{"line":116,"column":59}},"21":{"start":{"line":117,"column":8},"end":{"line":117,"column":103}},"22":{"start":{"line":124,"column":8},"end":{"line":124,"column":46}},"23":{"start":{"line":132,"column":8},"end":{"line":132,"column":28}},"24":{"start":{"line":140,"column":8},"end":{"line":140,"column":42}},"25":{"start":{"line":147,"column":31},"end":{"line":147,"column":60}},"26":{"start":{"line":148,"column":36},"end":{"line":148,"column":61}},"27":{"start":{"line":149,"column":8},"end":{"line":149,"column":59}},"28":{"start":{"line":150,"column":8},"end":{"line":150,"column":100}},"29":{"start":{"line":157,"column":31},"end":{"line":157,"column":60}},"30":{"start":{"line":158,"column":36},"end":{"line":158,"column":61}},"31":{"start":{"line":159,"column":8},"end":{"line":159,"column":59}},"32":{"start":{"line":160,"column":8},"end":{"line":160,"column":99}},"33":{"start":{"line":167,"column":31},"end":{"line":167,"column":60}},"34":{"start":{"line":168,"column":36},"end":{"line":168,"column":61}},"35":{"start":{"line":169,"column":8},"end":{"line":169,"column":59}},"36":{"start":{"line":170,"column":8},"end":{"line":170,"column":125}},"37":{"start":{"line":178,"column":8},"end":{"line":185,"column":9}},"38":{"start":{"line":180,"column":16},"end":{"line":180,"column":59}},"39":{"start":{"line":182,"column":16},"end":{"line":182,"column":56}},"40":{"start":{"line":184,"column":16},"end":{"line":184,"column":87}},"41":{"start":{"line":191,"column":27},"end":{"line":191,"column":85}},"42":{"start":{"line":192,"column":25},"end":{"line":192,"column":87}},"43":{"start":{"line":193,"column":6},"end":{"line":193,"column":42}},"44":{"start":{"line":200,"column":31},"end":{"line":200,"column":60}},"45":{"start":{"line":201,"column":32},"end":{"line":201,"column":61}},"46":{"start":{"line":202,"column":8},"end":{"line":202,"column":47}},"47":{"start":{"line":204,"column":30},"end":{"line":204,"column":59}},"48":{"start":{"line":205,"column":8},"end":{"line":205,"column":81}},"49":{"start":{"line":207,"column":29},"end":{"line":207,"column":64}},"50":{"start":{"line":208,"column":8},"end":{"line":208,"column":42}},"51":{"start":{"line":210,"column":27},"end":{"line":210,"column":60}},"52":{"start":{"line":211,"column":8},"end":{"line":211,"column":45}},"53":{"start":{"line":213,"column":8},"end":{"line":213,"column":44}},"54":{"start":{"line":220,"column":65},"end":{"line":220,"column":91}},"55":{"start":{"line":222,"column":36},"end":{"line":222,"column":61}},"56":{"start":{"line":223,"column":8},"end":{"line":223,"column":59}},"57":{"start":{"line":225,"column":36},"end":{"line":225,"column":65}},"58":{"start":{"line":226,"column":34},"end":{"line":226,"column":61}},"59":{"start":{"line":228,"column":33},"end":{"line":228,"column":85}},"60":{"start":{"line":229,"column":31},"end":{"line":229,"column":81}},"61":{"start":{"line":230,"column":27},"end":{"line":231,"column":57}},"62":{"start":{"line":233,"column":31},"end":{"line":235,"column":68}},"63":{"start":{"line":236,"column":29},"end":{"line":238,"column":66}},"64":{"start":{"line":239,"column":25},"end":{"line":239,"column":48}},"65":{"start":{"line":243,"column":12},"end":{"line":245,"column":53}},"66":{"start":{"line":249,"column":12},"end":{"line":251,"column":49}},"67":{"start":{"line":254,"column":8},"end":{"line":254,"column":62}},"68":{"start":{"line":262,"column":8},"end":{"line":266,"column":11}},"69":{"start":{"line":274,"column":31},"end":{"line":274,"column":60}},"70":{"start":{"line":275,"column":36},"end":{"line":275,"column":61}},"71":{"start":{"line":276,"column":8},"end":{"line":276,"column":59}},"72":{"start":{"line":277,"column":8},"end":{"line":277,"column":63}}},"fnMap":{"0":{"name":"(anonymous_0)","decl":{"start":{"line":22,"column":4},"end":{"line":22,"column":5}},"loc":{"start":{"line":27,"column":6},"end":{"line":32,"column":5}},"line":27},"1":{"name":"(anonymous_1)","decl":{"start":{"line":37,"column":4},"end":{"line":37,"column":5}},"loc":{"start":{"line":37,"column":28},"end":{"line":39,"column":5}},"line":37},"2":{"name":"(anonymous_2)","decl":{"start":{"line":44,"column":4},"end":{"line":44,"column":5}},"loc":{"start":{"line":44,"column":23},"end":{"line":51,"column":5}},"line":44},"3":{"name":"(anonymous_3)","decl":{"start":{"line":57,"column":4},"end":{"line":57,"column":5}},"loc":{"start":{"line":57,"column":38},"end":{"line":63,"column":5}},"line":57},"4":{"name":"(anonymous_4)","decl":{"start":{"line":68,"column":4},"end":{"line":68,"column":5}},"loc":{"start":{"line":68,"column":37},"end":{"line":74,"column":5}},"line":68},"5":{"name":"(anonymous_5)","decl":{"start":{"line":80,"column":4},"end":{"line":80,"column":5}},"loc":{"start":{"line":80,"column":34},"end":{"line":108,"column":5}},"line":80},"6":{"name":"(anonymous_6)","decl":{"start":{"line":113,"column":4},"end":{"line":113,"column":5}},"loc":{"start":{"line":113,"column":31},"end":{"line":118,"column":5}},"line":113},"7":{"name":"(anonymous_7)","decl":{"start":{"line":123,"column":4},"end":{"line":123,"column":5}},"loc":{"start":{"line":123,"column":34},"end":{"line":125,"column":5}},"line":123},"8":{"name":"(anonymous_8)","decl":{"start":{"line":131,"column":4},"end":{"line":131,"column":5}},"loc":{"start":{"line":131,"column":27},"end":{"line":133,"column":5}},"line":131},"9":{"name":"(anonymous_9)","decl":{"start":{"line":139,"column":4},"end":{"line":139,"column":5}},"loc":{"start":{"line":139,"column":48},"end":{"line":141,"column":5}},"line":139},"10":{"name":"(anonymous_10)","decl":{"start":{"line":146,"column":4},"end":{"line":146,"column":5}},"loc":{"start":{"line":146,"column":31},"end":{"line":151,"column":5}},"line":146},"11":{"name":"(anonymous_11)","decl":{"start":{"line":156,"column":4},"end":{"line":156,"column":5}},"loc":{"start":{"line":156,"column":31},"end":{"line":161,"column":5}},"line":156},"12":{"name":"(anonymous_12)","decl":{"start":{"line":166,"column":4},"end":{"line":166,"column":5}},"loc":{"start":{"line":166,"column":37},"end":{"line":171,"column":5}},"line":166},"13":{"name":"(anonymous_13)","decl":{"start":{"line":177,"column":4},"end":{"line":177,"column":5}},"loc":{"start":{"line":177,"column":68},"end":{"line":186,"column":5}},"line":177},"14":{"name":"(anonymous_14)","decl":{"start":{"line":190,"column":4},"end":{"line":190,"column":5}},"loc":{"start":{"line":190,"column":85},"end":{"line":194,"column":5}},"line":190},"15":{"name":"(anonymous_15)","decl":{"start":{"line":199,"column":4},"end":{"line":199,"column":5}},"loc":{"start":{"line":199,"column":82},"end":{"line":214,"column":5}},"line":199},"16":{"name":"(anonymous_16)","decl":{"start":{"line":219,"column":4},"end":{"line":219,"column":5}},"loc":{"start":{"line":219,"column":28},"end":{"line":255,"column":5}},"line":219},"17":{"name":"(anonymous_17)","decl":{"start":{"line":261,"column":4},"end":{"line":261,"column":5}},"loc":{"start":{"line":261,"column":32},"end":{"line":267,"column":5}},"line":261},"18":{"name":"(anonymous_18)","decl":{"start":{"line":273,"column":4},"end":{"line":273,"column":5}},"loc":{"start":{"line":273,"column":29},"end":{"line":278,"column":9}},"line":273}},"branchMap":{"0":{"loc":{"start":{"line":23,"column":8},"end":{"line":23,"column":31}},"type":"default-arg","locations":[{"start":{"line":23,"column":21},"end":{"line":23,"column":31}}],"line":23},"1":{"loc":{"start":{"line":25,"column":8},"end":{"line":25,"column":33}},"type":"default-arg","locations":[{"start":{"line":25,"column":28},"end":{"line":25,"column":33}}],"line":25},"2":{"loc":{"start":{"line":26,"column":8},"end":{"line":26,"column":56}},"type":"default-arg","locations":[{"start":{"line":26,"column":37},"end":{"line":26,"column":56}}],"line":26},"3":{"loc":{"start":{"line":47,"column":12},"end":{"line":49,"column":59}},"type":"binary-expr","locations":[{"start":{"line":47,"column":12},"end":{"line":47,"column":51}},{"start":{"line":48,"column":12},"end":{"line":48,"column":53}},{"start":{"line":49,"column":12},"end":{"line":49,"column":59}}],"line":47},"4":{"loc":{"start":{"line":59,"column":12},"end":{"line":61,"column":70}},"type":"binary-expr","locations":[{"start":{"line":59,"column":12},"end":{"line":59,"column":62}},{"start":{"line":60,"column":12},"end":{"line":60,"column":64}},{"start":{"line":61,"column":12},"end":{"line":61,"column":70}}],"line":59},"5":{"loc":{"start":{"line":70,"column":12},"end":{"line":72,"column":58}},"type":"binary-expr","locations":[{"start":{"line":70,"column":12},"end":{"line":70,"column":50}},{"start":{"line":71,"column":12},"end":{"line":71,"column":52}},{"start":{"line":72,"column":12},"end":{"line":72,"column":58}}],"line":70},"6":{"loc":{"start":{"line":86,"column":12},"end":{"line":86,"column":42}},"type":"binary-expr","locations":[{"start":{"line":86,"column":12},"end":{"line":86,"column":37}},{"start":{"line":86,"column":41},"end":{"line":86,"column":42}}],"line":86},"7":{"loc":{"start":{"line":96,"column":8},"end":{"line":107,"column":9}},"type":"switch","locations":[{"start":{"line":97,"column":12},"end":{"line":98,"column":67}},{"start":{"line":99,"column":12},"end":{"line":100,"column":66}},{"start":{"line":101,"column":12},"end":{"line":102,"column":105}},{"start":{"line":103,"column":12},"end":{"line":104,"column":86}},{"start":{"line":105,"column":12},"end":{"line":106,"column":48}}],"line":96},"8":{"loc":{"start":{"line":150,"column":15},"end":{"line":150,"column":99}},"type":"cond-expr","locations":[{"start":{"line":150,"column":44},"end":{"line":150,"column":92}},{"start":{"line":150,"column":95},"end":{"line":150,"column":99}}],"line":150},"9":{"loc":{"start":{"line":160,"column":15},"end":{"line":160,"column":98}},"type":"cond-expr","locations":[{"start":{"line":160,"column":43},"end":{"line":160,"column":91}},{"start":{"line":160,"column":94},"end":{"line":160,"column":98}}],"line":160},"10":{"loc":{"start":{"line":170,"column":15},"end":{"line":170,"column":124}},"type":"cond-expr","locations":[{"start":{"line":170,"column":71},"end":{"line":170,"column":117}},{"start":{"line":170,"column":120},"end":{"line":170,"column":124}}],"line":170},"11":{"loc":{"start":{"line":178,"column":8},"end":{"line":185,"column":9}},"type":"switch","locations":[{"start":{"line":179,"column":12},"end":{"line":180,"column":59}},{"start":{"line":181,"column":12},"end":{"line":182,"column":56}},{"start":{"line":183,"column":12},"end":{"line":184,"column":87}}],"line":178},"12":{"loc":{"start":{"line":230,"column":28},"end":{"line":231,"column":45}},"type":"cond-expr","locations":[{"start":{"line":230,"column":44},"end":{"line":230,"column":119}},{"start":{"line":231,"column":10},"end":{"line":231,"column":45}}],"line":230},"13":{"loc":{"start":{"line":233,"column":31},"end":{"line":235,"column":68}},"type":"cond-expr","locations":[{"start":{"line":234,"column":14},"end":{"line":234,"column":66}},{"start":{"line":235,"column":14},"end":{"line":235,"column":68}}],"line":233},"14":{"loc":{"start":{"line":236,"column":29},"end":{"line":238,"column":66}},"type":"cond-expr","locations":[{"start":{"line":237,"column":14},"end":{"line":237,"column":64}},{"start":{"line":238,"column":14},"end":{"line":238,"column":66}}],"line":236},"15":{"loc":{"start":{"line":243,"column":12},"end":{"line":245,"column":53}},"type":"cond-expr","locations":[{"start":{"line":244,"column":18},"end":{"line":244,"column":73}},{"start":{"line":245,"column":18},"end":{"line":245,"column":53}}],"line":243},"16":{"loc":{"start":{"line":249,"column":12},"end":{"line":251,"column":49}},"type":"cond-expr","locations":[{"start":{"line":250,"column":18},"end":{"line":250,"column":67}},{"start":{"line":251,"column":18},"end":{"line":251,"column":49}}],"line":249}},"s":{"0":7,"1":7,"2":7,"3":7,"4":2,"5":2,"6":2,"7":0,"8":0,"9":4,"10":4,"11":4,"12":4,"13":1,"14":1,"15":1,"16":1,"17":0,"18":1,"19":1,"20":1,"21":1,"22":1,"23":1,"24":0,"25":1,"26":1,"27":1,"28":1,"29":1,"30":1,"31":1,"32":1,"33":1,"34":1,"35":1,"36":1,"37":1,"38":0,"39":1,"40":0,"41":0,"42":0,"43":0,"44":1,"45":1,"46":1,"47":1,"48":1,"49":1,"50":1,"51":1,"52":1,"53":1,"54":1,"55":1,"56":1,"57":1,"58":1,"59":1,"60":1,"61":1,"62":1,"63":1,"64":1,"65":1,"66":1,"67":1,"68":0,"69":0,"70":0,"71":0,"72":0},"f":{"0":7,"1":2,"2":2,"3":0,"4":0,"5":4,"6":1,"7":1,"8":1,"9":0,"10":1,"11":1,"12":1,"13":1,"14":0,"15":1,"16":1,"17":0,"18":0},"b":{"0":[0],"1":[4],"2":[6],"3":[2,1,1],"4":[0,0,0],"5":[0,0,0],"6":[4,4],"7":[1,1,1,1,0],"8":[1,0],"9":[0,1],"10":[0,1],"11":[0,1,0],"12":[1,0],"13":[1,0],"14":[1,0],"15":[0,1],"16":[1,0]},"_coverageSchema":"1a1c01bbd47fc00a2c39e90264f33305004495a9","hash":"0a15dc06561e0ff1226e4ad0a700f3dd88e50c9b"}
,"/home/eitan/react/my-app/app/utils/EventActionUtils.tsx": {"path":"/home/eitan/react/my-app/app/utils/EventActionUtils.tsx","statementMap":{"0":{"start":{"line":11,"column":28},"end":{"line":30,"column":1}},"1":{"start":{"line":12,"column":86},"end":{"line":22,"column":5}},"2":{"start":{"line":24,"column":20},"end":{"line":24,"column":42}},"3":{"start":{"line":25,"column":4},"end":{"line":29,"column":5}},"4":{"start":{"line":26,"column":8},"end":{"line":26,"column":30}},"5":{"start":{"line":28,"column":8},"end":{"line":28,"column":64}},"6":{"start":{"line":36,"column":26},"end":{"line":39,"column":1}},"7":{"start":{"line":37,"column":4},"end":{"line":37,"column":108}},"8":{"start":{"line":38,"column":4},"end":{"line":38,"column":81}},"9":{"start":{"line":45,"column":28},"end":{"line":48,"column":1}},"10":{"start":{"line":46,"column":4},"end":{"line":46,"column":110}},"11":{"start":{"line":47,"column":4},"end":{"line":47,"column":83}},"12":{"start":{"line":54,"column":23},"end":{"line":57,"column":1}},"13":{"start":{"line":55,"column":4},"end":{"line":55,"column":104}},"14":{"start":{"line":56,"column":4},"end":{"line":56,"column":61}},"15":{"start":{"line":63,"column":21},"end":{"line":66,"column":1}},"16":{"start":{"line":64,"column":4},"end":{"line":64,"column":101}},"17":{"start":{"line":65,"column":4},"end":{"line":65,"column":49}},"18":{"start":{"line":72,"column":30},"end":{"line":75,"column":1}},"19":{"start":{"line":73,"column":4},"end":{"line":73,"column":112}},"20":{"start":{"line":74,"column":4},"end":{"line":74,"column":70}},"21":{"start":{"line":81,"column":31},"end":{"line":84,"column":1}},"22":{"start":{"line":82,"column":4},"end":{"line":82,"column":113}},"23":{"start":{"line":83,"column":4},"end":{"line":83,"column":70}},"24":{"start":{"line":90,"column":30},"end":{"line":93,"column":1}},"25":{"start":{"line":91,"column":4},"end":{"line":91,"column":112}},"26":{"start":{"line":99,"column":31},"end":{"line":102,"column":1}},"27":{"start":{"line":100,"column":4},"end":{"line":100,"column":113}},"28":{"start":{"line":108,"column":27},"end":{"line":111,"column":1}},"29":{"start":{"line":109,"column":4},"end":{"line":109,"column":109}}},"fnMap":{"0":{"name":"(anonymous_0)","decl":{"start":{"line":11,"column":28},"end":{"line":11,"column":29}},"loc":{"start":{"line":11,"column":81},"end":{"line":30,"column":1}},"line":11},"1":{"name":"(anonymous_1)","decl":{"start":{"line":36,"column":26},"end":{"line":36,"column":27}},"loc":{"start":{"line":36,"column":63},"end":{"line":39,"column":1}},"line":36},"2":{"name":"(anonymous_2)","decl":{"start":{"line":45,"column":28},"end":{"line":45,"column":29}},"loc":{"start":{"line":45,"column":65},"end":{"line":48,"column":1}},"line":45},"3":{"name":"(anonymous_3)","decl":{"start":{"line":54,"column":23},"end":{"line":54,"column":24}},"loc":{"start":{"line":54,"column":60},"end":{"line":57,"column":1}},"line":54},"4":{"name":"(anonymous_4)","decl":{"start":{"line":63,"column":21},"end":{"line":63,"column":22}},"loc":{"start":{"line":63,"column":58},"end":{"line":66,"column":1}},"line":63},"5":{"name":"(anonymous_5)","decl":{"start":{"line":72,"column":30},"end":{"line":72,"column":31}},"loc":{"start":{"line":72,"column":67},"end":{"line":75,"column":1}},"line":72},"6":{"name":"(anonymous_6)","decl":{"start":{"line":81,"column":31},"end":{"line":81,"column":32}},"loc":{"start":{"line":81,"column":68},"end":{"line":84,"column":1}},"line":81},"7":{"name":"(anonymous_7)","decl":{"start":{"line":90,"column":30},"end":{"line":90,"column":31}},"loc":{"start":{"line":90,"column":67},"end":{"line":93,"column":1}},"line":90},"8":{"name":"(anonymous_8)","decl":{"start":{"line":99,"column":31},"end":{"line":99,"column":32}},"loc":{"start":{"line":99,"column":68},"end":{"line":102,"column":1}},"line":99},"9":{"name":"(anonymous_9)","decl":{"start":{"line":108,"column":27},"end":{"line":108,"column":28}},"loc":{"start":{"line":108,"column":64},"end":{"line":111,"column":1}},"line":108}},"branchMap":{"0":{"loc":{"start":{"line":25,"column":4},"end":{"line":29,"column":5}},"type":"if","locations":[{"start":{"line":25,"column":4},"end":{"line":29,"column":5}},{"start":{"line":27,"column":11},"end":{"line":29,"column":5}}],"line":25}},"s":{"0":1,"1":10,"2":10,"3":10,"4":9,"5":1,"6":1,"7":1,"8":1,"9":1,"10":1,"11":1,"12":1,"13":1,"14":1,"15":1,"16":1,"17":1,"18":1,"19":1,"20":1,"21":1,"22":1,"23":1,"24":1,"25":1,"26":1,"27":1,"28":1,"29":1},"f":{"0":10,"1":1,"2":1,"3":1,"4":1,"5":1,"6":1,"7":1,"8":1,"9":1},"b":{"0":[9,1]},"_coverageSchema":"1a1c01bbd47fc00a2c39e90264f33305004495a9","hash":"486f453c57c81119ec75d9d35b4045f675902d69"}
,"/home/eitan/react/my-app/app/utils/Logger.ts": {"path":"/home/eitan/react/my-app/app/utils/Logger.ts","statementMap":{"0":{"start":{"line":10,"column":46},"end":{"line":15,"column":1}},"1":{"start":{"line":17,"column":19},"end":{"line":17,"column":28}},"2":{"start":{"line":18,"column":20},"end":{"line":18,"column":30}},"3":{"start":{"line":19,"column":18},"end":{"line":19,"column":28}},"4":{"start":{"line":22,"column":14},"end":{"line":22,"column":24}},"5":{"start":{"line":23,"column":2},"end":{"line":23,"column":59}},"6":{"start":{"line":28,"column":16},"end":{"line":28,"column":33}},"7":{"start":{"line":29,"column":2},"end":{"line":29,"column":31}},"8":{"start":{"line":29,"column":14},"end":{"line":29,"column":31}},"9":{"start":{"line":31,"column":16},"end":{"line":31,"column":33}},"10":{"start":{"line":32,"column":21},"end":{"line":32,"column":47}},"11":{"start":{"line":34,"column":16},"end":{"line":34,"column":52}},"12":{"start":{"line":35,"column":2},"end":{"line":38,"column":3}},"13":{"start":{"line":36,"column":21},"end":{"line":36,"column":29}},"14":{"start":{"line":37,"column":4},"end":{"line":37,"column":20}},"15":{"start":{"line":39,"column":24},"end":{"line":39,"column":55}},"16":{"start":{"line":40,"column":2},"end":{"line":42,"column":3}},"17":{"start":{"line":41,"column":4},"end":{"line":41,"column":28}},"18":{"start":{"line":43,"column":2},"end":{"line":43,"column":19}},"19":{"start":{"line":47,"column":19},"end":{"line":61,"column":1}},"20":{"start":{"line":48,"column":2},"end":{"line":48,"column":23}},"21":{"start":{"line":48,"column":16},"end":{"line":48,"column":23}},"22":{"start":{"line":50,"column":17},"end":{"line":50,"column":28}},"23":{"start":{"line":51,"column":16},"end":{"line":51,"column":40}},"24":{"start":{"line":52,"column":20},"end":{"line":52,"column":64}},"25":{"start":{"line":53,"column":22},"end":{"line":53,"column":54}},"26":{"start":{"line":54,"column":17},"end":{"line":54,"column":116}},"27":{"start":{"line":56,"column":2},"end":{"line":60,"column":3}},"28":{"start":{"line":57,"column":4},"end":{"line":57,"column":50}},"29":{"start":{"line":59,"column":4},"end":{"line":59,"column":43}}},"fnMap":{"0":{"name":"getTimestamp","decl":{"start":{"line":21,"column":9},"end":{"line":21,"column":21}},"loc":{"start":{"line":21,"column":32},"end":{"line":24,"column":1}},"line":21},"1":{"name":"getCaller","decl":{"start":{"line":27,"column":9},"end":{"line":27,"column":18}},"loc":{"start":{"line":27,"column":29},"end":{"line":44,"column":1}},"line":27},"2":{"name":"(anonymous_2)","decl":{"start":{"line":47,"column":19},"end":{"line":47,"column":20}},"loc":{"start":{"line":47,"column":88},"end":{"line":61,"column":1}},"line":47}},"branchMap":{"0":{"loc":{"start":{"line":29,"column":2},"end":{"line":29,"column":31}},"type":"if","locations":[{"start":{"line":29,"column":2},"end":{"line":29,"column":31}},{"start":{},"end":{}}],"line":29},"1":{"loc":{"start":{"line":32,"column":21},"end":{"line":32,"column":47}},"type":"binary-expr","locations":[{"start":{"line":32,"column":21},"end":{"line":32,"column":29}},{"start":{"line":32,"column":33},"end":{"line":32,"column":41}},{"start":{"line":32,"column":45},"end":{"line":32,"column":47}}],"line":32},"2":{"loc":{"start":{"line":35,"column":2},"end":{"line":38,"column":3}},"type":"if","locations":[{"start":{"line":35,"column":2},"end":{"line":38,"column":3}},{"start":{},"end":{}}],"line":35},"3":{"loc":{"start":{"line":40,"column":2},"end":{"line":42,"column":3}},"type":"if","locations":[{"start":{"line":40,"column":2},"end":{"line":42,"column":3}},{"start":{},"end":{}}],"line":40},"4":{"loc":{"start":{"line":48,"column":2},"end":{"line":48,"column":23}},"type":"if","locations":[{"start":{"line":48,"column":2},"end":{"line":48,"column":23}},{"start":{},"end":{}}],"line":48},"5":{"loc":{"start":{"line":51,"column":16},"end":{"line":51,"column":40}},"type":"binary-expr","locations":[{"start":{"line":51,"column":16},"end":{"line":51,"column":34}},{"start":{"line":51,"column":38},"end":{"line":51,"column":40}}],"line":51},"6":{"loc":{"start":{"line":53,"column":22},"end":{"line":53,"column":54}},"type":"cond-expr","locations":[{"start":{"line":53,"column":33},"end":{"line":53,"column":49}},{"start":{"line":53,"column":52},"end":{"line":53,"column":54}}],"line":53},"7":{"loc":{"start":{"line":56,"column":2},"end":{"line":60,"column":3}},"type":"if","locations":[{"start":{"line":56,"column":2},"end":{"line":60,"column":3}},{"start":{"line":58,"column":9},"end":{"line":60,"column":3}}],"line":56}},"s":{"0":3,"1":3,"2":3,"3":3,"4":11,"5":11,"6":11,"7":11,"8":0,"9":11,"10":11,"11":11,"12":11,"13":11,"14":11,"15":0,"16":0,"17":0,"18":0,"19":3,"20":12,"21":1,"22":11,"23":11,"24":11,"25":11,"26":11,"27":11,"28":1,"29":10},"f":{"0":11,"1":11,"2":12},"b":{"0":[0,11],"1":[11,0,0],"2":[11,0],"3":[0,0],"4":[1,11],"5":[11,0],"6":[9,2],"7":[1,10]},"_coverageSchema":"1a1c01bbd47fc00a2c39e90264f33305004495a9","hash":"55f352a57e56cec03fc703a294cdab48bfeee4ba"}
,"/home/eitan/react/my-app/app/utils/StorageService.ts": {"path":"/home/eitan/react/my-app/app/utils/StorageService.ts","statementMap":{"0":{"start":{"line":4,"column":17},"end":{"line":4,"column":36}},"1":{"start":{"line":5,"column":23},"end":{"line":47,"column":1}},"2":{"start":{"line":8,"column":8},"end":{"line":13,"column":9}},"3":{"start":{"line":9,"column":12},"end":{"line":9,"column":51}},"4":{"start":{"line":10,"column":12},"end":{"line":10,"column":57}},"5":{"start":{"line":12,"column":12},"end":{"line":12,"column":57}},"6":{"start":{"line":18,"column":8},"end":{"line":25,"column":9}},"7":{"start":{"line":19,"column":26},"end":{"line":19,"column":57}},"8":{"start":{"line":20,"column":12},"end":{"line":20,"column":67}},"9":{"start":{"line":21,"column":12},"end":{"line":21,"column":25}},"10":{"start":{"line":23,"column":12},"end":{"line":23,"column":72}},"11":{"start":{"line":24,"column":12},"end":{"line":24,"column":24}},"12":{"start":{"line":30,"column":8},"end":{"line":35,"column":9}},"13":{"start":{"line":31,"column":12},"end":{"line":31,"column":47}},"14":{"start":{"line":32,"column":12},"end":{"line":32,"column":58}},"15":{"start":{"line":34,"column":12},"end":{"line":34,"column":73}},"16":{"start":{"line":40,"column":8},"end":{"line":45,"column":9}},"17":{"start":{"line":41,"column":12},"end":{"line":41,"column":39}},"18":{"start":{"line":42,"column":12},"end":{"line":42,"column":73}},"19":{"start":{"line":44,"column":12},"end":{"line":44,"column":79}}},"fnMap":{"0":{"name":"(anonymous_0)","decl":{"start":{"line":7,"column":4},"end":{"line":7,"column":5}},"loc":{"start":{"line":7,"column":43},"end":{"line":14,"column":5}},"line":7},"1":{"name":"(anonymous_1)","decl":{"start":{"line":17,"column":4},"end":{"line":17,"column":5}},"loc":{"start":{"line":17,"column":52},"end":{"line":26,"column":5}},"line":17},"2":{"name":"(anonymous_2)","decl":{"start":{"line":29,"column":4},"end":{"line":29,"column":5}},"loc":{"start":{"line":29,"column":30},"end":{"line":36,"column":5}},"line":29},"3":{"name":"(anonymous_3)","decl":{"start":{"line":39,"column":4},"end":{"line":39,"column":5}},"loc":{"start":{"line":39,"column":18},"end":{"line":46,"column":5}},"line":39}},"branchMap":{},"s":{"0":2,"1":2,"2":2,"3":2,"4":1,"5":1,"6":1,"7":1,"8":1,"9":1,"10":0,"11":0,"12":1,"13":1,"14":1,"15":0,"16":6,"17":6,"18":6,"19":0},"f":{"0":2,"1":1,"2":1,"3":6},"b":{},"_coverageSchema":"1a1c01bbd47fc00a2c39e90264f33305004495a9","hash":"91723bab9fa343bc2669f2b8d8296f089b9f84da"}
,"/home/eitan/react/my-app/assets/Models/Events/Events.ts": {"path":"/home/eitan/react/my-app/assets/Models/Events/Events.ts","statementMap":{"0":{"start":{"line":34,"column":46},"end":{"line":37,"column":1}},"1":{"start":{"line":41,"column":66},"end":{"line":78,"column":3}},"2":{"start":{"line":82,"column":4},"end":{"line":84,"column":5}},"3":{"start":{"line":83,"column":6},"end":{"line":83,"column":44}},"4":{"start":{"line":85,"column":26},"end":{"line":85,"column":54}},"5":{"start":{"line":86,"column":4},"end":{"line":86,"column":54}},"6":{"start":{"line":90,"column":4},"end":{"line":92,"column":5}},"7":{"start":{"line":91,"column":6},"end":{"line":91,"column":41}},"8":{"start":{"line":93,"column":4},"end":{"line":93,"column":46}}},"fnMap":{"0":{"name":"(anonymous_0)","decl":{"start":{"line":81,"column":2},"end":{"line":81,"column":3}},"loc":{"start":{"line":81,"column":67},"end":{"line":87,"column":3}},"line":81},"1":{"name":"(anonymous_1)","decl":{"start":{"line":89,"column":2},"end":{"line":89,"column":3}},"loc":{"start":{"line":89,"column":59},"end":{"line":94,"column":1}},"line":89}},"branchMap":{"0":{"loc":{"start":{"line":82,"column":4},"end":{"line":84,"column":5}},"type":"if","locations":[{"start":{"line":82,"column":4},"end":{"line":84,"column":5}},{"start":{},"end":{}}],"line":82},"1":{"loc":{"start":{"line":86,"column":11},"end":{"line":86,"column":53}},"type":"cond-expr","locations":[{"start":{"line":86,"column":27},"end":{"line":86,"column":48}},{"start":{"line":86,"column":51},"end":{"line":86,"column":53}}],"line":86},"2":{"loc":{"start":{"line":90,"column":4},"end":{"line":92,"column":5}},"type":"if","locations":[{"start":{"line":90,"column":4},"end":{"line":92,"column":5}},{"start":{},"end":{}}],"line":90}},"s":{"0":1,"1":1,"2":0,"3":0,"4":0,"5":0,"6":0,"7":0,"8":0},"f":{"0":0,"1":0},"b":{"0":[0,0],"1":[0,0],"2":[0,0]},"_coverageSchema":"1a1c01bbd47fc00a2c39e90264f33305004495a9","hash":"b061f830d858f8cee766b9c5ccd7b933a2df97ba"}
,"/home/eitan/react/my-app/assets/images/clean.png": {"path":"/home/eitan/react/my-app/assets/images/clean.png","statementMap":{"0":{"start":{"line":1,"column":0},"end":{"line":4,"column":6}}},"fnMap":{},"branchMap":{},"s":{"0":1},"f":{},"b":{},"_coverageSchema":"1a1c01bbd47fc00a2c39e90264f33305004495a9","hash":"98fe8c1c94cc4015a03b404137d48627e62f2095"}
,"/home/eitan/react/my-app/assets/images/mikve.png": {"path":"/home/eitan/react/my-app/assets/images/mikve.png","statementMap":{"0":{"start":{"line":1,"column":0},"end":{"line":4,"column":6}}},"fnMap":{},"branchMap":{},"s":{"0":1},"f":{},"b":{},"_coverageSchema":"1a1c01bbd47fc00a2c39e90264f33305004495a9","hash":"6de1548fe36c513723d19a4e632fa11b951d0503"}
,"/home/eitan/react/my-app/assets/images/stain.png": {"path":"/home/eitan/react/my-app/assets/images/stain.png","statementMap":{"0":{"start":{"line":1,"column":0},"end":{"line":4,"column":6}}},"fnMap":{},"branchMap":{},"s":{"0":1},"f":{},"b":{},"_coverageSchema":"1a1c01bbd47fc00a2c39e90264f33305004495a9","hash":"d8f00110f8e659e521e0816ca47489616e67a527"}
,"/home/eitan/react/my-app/assets/images/stain_to_clean.png": {"path":"/home/eitan/react/my-app/assets/images/stain_to_clean.png","statementMap":{"0":{"start":{"line":1,"column":0},"end":{"line":4,"column":6}}},"fnMap":{},"branchMap":{},"s":{"0":1},"f":{},"b":{},"_coverageSchema":"1a1c01bbd47fc00a2c39e90264f33305004495a9","hash":"739284ae55e7648489863d3a6cf55126480b3239"}
,"/home/eitan/react/my-app/assets/images/veset.png": {"path":"/home/eitan/react/my-app/assets/images/veset.png","statementMap":{"0":{"start":{"line":1,"column":0},"end":{"line":4,"column":6}}},"fnMap":{},"branchMap":{},"s":{"0":1},"f":{},"b":{},"_coverageSchema":"1a1c01bbd47fc00a2c39e90264f33305004495a9","hash":"ce7b320c1e32fcfd0c58ab8f6b540a57a82de216"}
,"/home/eitan/react/my-app/assets/images/veset_day.png": {"path":"/home/eitan/react/my-app/assets/images/veset_day.png","statementMap":{"0":{"start":{"line":1,"column":0},"end":{"line":4,"column":6}}},"fnMap":{},"branchMap":{},"s":{"0":1},"f":{},"b":{},"_coverageSchema":"1a1c01bbd47fc00a2c39e90264f33305004495a9","hash":"2a602392eb5464431380623729a6a12b384f49aa"}
,"/home/eitan/react/my-app/assets/images/veset_night.png": {"path":"/home/eitan/react/my-app/assets/images/veset_night.png","statementMap":{"0":{"start":{"line":1,"column":0},"end":{"line":4,"column":6}}},"fnMap":{},"branchMap":{},"s":{"0":1},"f":{},"b":{},"_coverageSchema":"1a1c01bbd47fc00a2c39e90264f33305004495a9","hash":"0abda01a576badb1e62fe03afc4526d6b716c4af"}
,"/home/eitan/react/my-app/assets/images/veset_to_clean.png": {"path":"/home/eitan/react/my-app/assets/images/veset_to_clean.png","statementMap":{"0":{"start":{"line":1,"column":0},"end":{"line":4,"column":6}}},"fnMap":{},"branchMap":{},"s":{"0":1},"f":{},"b":{},"_coverageSchema":"1a1c01bbd47fc00a2c39e90264f33305004495a9","hash":"0e6c6964f97adaefec024ab1d0349489aeb2c9d6"}
,"/home/eitan/react/my-app/assets/images/veset_to_stain.png": {"path":"/home/eitan/react/my-app/assets/images/veset_to_stain.png","statementMap":{"0":{"start":{"line":1,"column":0},"end":{"line":4,"column":6}}},"fnMap":{},"branchMap":{},"s":{"0":1},"f":{},"b":{},"_coverageSchema":"1a1c01bbd47fc00a2c39e90264f33305004495a9","hash":"60318333d88a57cccad0174d7642b9da2be72436"}
}
