TN:
SF:app/hooks/CalendarSettings.tsx
FN:30,(anonymous_0)
FN:45,(anonymous_1)
FN:46,(anonymous_2)
FN:62,(anonymous_3)
FN:68,(anonymous_4)
FN:69,(anonymous_5)
FN:77,(anonymous_6)
FN:78,(anonymous_7)
FN:86,(anonymous_8)
FN:87,(anonymous_9)
FN:114,(anonymous_10)
FNF:11
FNH:0
FNDA:0,(anonymous_0)
FNDA:0,(anonymous_1)
FNDA:0,(anonymous_2)
FNDA:0,(anonymous_3)
FNDA:0,(anonymous_4)
FNDA:0,(anonymous_5)
FNDA:0,(anonymous_6)
FNDA:0,(anonymous_7)
FNDA:0,(anonymous_8)
FNDA:0,(anonymous_9)
FNDA:0,(anonymous_10)
DA:10,1
DA:28,1
DA:30,1
DA:31,0
DA:32,0
DA:33,0
DA:34,0
DA:37,0
DA:45,0
DA:46,0
DA:47,0
DA:48,0
DA:49,0
DA:50,0
DA:52,0
DA:53,0
DA:54,0
DA:55,0
DA:58,0
DA:62,0
DA:63,0
DA:64,0
DA:68,0
DA:69,0
DA:70,0
DA:71,0
DA:72,0
DA:77,0
DA:78,0
DA:79,0
DA:80,0
DA:81,0
DA:86,0
DA:87,0
DA:88,0
DA:89,0
DA:90,0
DA:94,0
DA:114,1
DA:115,0
DA:116,0
DA:117,0
DA:119,0
LF:43
LH:4
BRDA:52,0,0,0
BRDA:52,0,1,0
BRDA:53,1,0,0
BRDA:53,1,1,0
BRDA:54,2,0,0
BRDA:54,2,1,0
BRDA:55,3,0,0
BRDA:55,3,1,0
BRDA:116,4,0,0
BRDA:116,4,1,0
BRF:10
BRH:0
end_of_record
TN:
SF:app/utils/DateUtils.tsx
FN:22,(anonymous_0)
FN:37,(anonymous_1)
FN:44,(anonymous_2)
FN:57,(anonymous_3)
FN:68,(anonymous_4)
FN:80,(anonymous_5)
FN:113,(anonymous_6)
FN:123,(anonymous_7)
FN:131,(anonymous_8)
FN:139,(anonymous_9)
FN:146,(anonymous_10)
FN:156,(anonymous_11)
FN:166,(anonymous_12)
FN:177,(anonymous_13)
FN:190,(anonymous_14)
FN:199,(anonymous_15)
FN:219,(anonymous_16)
FN:261,(anonymous_17)
FN:273,(anonymous_18)
FNF:19
FNH:13
FNDA:7,(anonymous_0)
FNDA:2,(anonymous_1)
FNDA:2,(anonymous_2)
FNDA:0,(anonymous_3)
FNDA:0,(anonymous_4)
FNDA:4,(anonymous_5)
FNDA:1,(anonymous_6)
FNDA:1,(anonymous_7)
FNDA:1,(anonymous_8)
FNDA:0,(anonymous_9)
FNDA:1,(anonymous_10)
FNDA:1,(anonymous_11)
FNDA:1,(anonymous_12)
FNDA:1,(anonymous_13)
FNDA:0,(anonymous_14)
FNDA:1,(anonymous_15)
FNDA:1,(anonymous_16)
FNDA:0,(anonymous_17)
FNDA:0,(anonymous_18)
DA:28,7
DA:29,7
DA:30,7
DA:31,7
DA:38,2
DA:45,2
DA:46,2
DA:58,0
DA:69,0
DA:82,4
DA:91,4
DA:94,4
DA:96,4
DA:98,1
DA:100,1
DA:102,1
DA:104,1
DA:106,0
DA:114,1
DA:115,1
DA:116,1
DA:117,1
DA:124,1
DA:132,1
DA:140,0
DA:147,1
DA:148,1
DA:149,1
DA:150,1
DA:157,1
DA:158,1
DA:159,1
DA:160,1
DA:167,1
DA:168,1
DA:169,1
DA:170,1
DA:178,1
DA:180,0
DA:182,1
DA:184,0
DA:191,0
DA:192,0
DA:193,0
DA:200,1
DA:201,1
DA:202,1
DA:204,1
DA:205,1
DA:207,1
DA:208,1
DA:210,1
DA:211,1
DA:213,1
DA:220,1
DA:222,1
DA:223,1
DA:225,1
DA:226,1
DA:228,1
DA:229,1
DA:230,1
DA:233,1
DA:236,1
DA:239,1
DA:243,1
DA:249,1
DA:254,1
DA:262,0
DA:274,0
DA:275,0
DA:276,0
DA:277,0
LF:73
LH:59
BRDA:23,0,0,0
BRDA:25,1,0,4
BRDA:26,2,0,6
BRDA:47,3,0,2
BRDA:47,3,1,1
BRDA:47,3,2,1
BRDA:59,4,0,0
BRDA:59,4,1,0
BRDA:59,4,2,0
BRDA:70,5,0,0
BRDA:70,5,1,0
BRDA:70,5,2,0
BRDA:86,6,0,4
BRDA:86,6,1,4
BRDA:96,7,0,1
BRDA:96,7,1,1
BRDA:96,7,2,1
BRDA:96,7,3,1
BRDA:96,7,4,0
BRDA:150,8,0,1
BRDA:150,8,1,0
BRDA:160,9,0,0
BRDA:160,9,1,1
BRDA:170,10,0,0
BRDA:170,10,1,1
BRDA:178,11,0,0
BRDA:178,11,1,1
BRDA:178,11,2,0
BRDA:230,12,0,1
BRDA:230,12,1,0
BRDA:233,13,0,1
BRDA:233,13,1,0
BRDA:236,14,0,1
BRDA:236,14,1,0
BRDA:243,15,0,0
BRDA:243,15,1,1
BRDA:249,16,0,1
BRDA:249,16,1,0
BRF:38
BRH:20
end_of_record
TN:
SF:app/utils/EventActionUtils.tsx
FN:11,(anonymous_0)
FN:36,(anonymous_1)
FN:45,(anonymous_2)
FN:54,(anonymous_3)
FN:63,(anonymous_4)
FN:72,(anonymous_5)
FN:81,(anonymous_6)
FN:90,(anonymous_7)
FN:99,(anonymous_8)
FN:108,(anonymous_9)
FNF:10
FNH:10
FNDA:10,(anonymous_0)
FNDA:1,(anonymous_1)
FNDA:1,(anonymous_2)
FNDA:1,(anonymous_3)
FNDA:1,(anonymous_4)
FNDA:1,(anonymous_5)
FNDA:1,(anonymous_6)
FNDA:1,(anonymous_7)
FNDA:1,(anonymous_8)
FNDA:1,(anonymous_9)
DA:11,1
DA:12,10
DA:24,10
DA:25,10
DA:26,9
DA:28,1
DA:36,1
DA:37,1
DA:38,1
DA:45,1
DA:46,1
DA:47,1
DA:54,1
DA:55,1
DA:56,1
DA:63,1
DA:64,1
DA:65,1
DA:72,1
DA:73,1
DA:74,1
DA:81,1
DA:82,1
DA:83,1
DA:90,1
DA:91,1
DA:99,1
DA:100,1
DA:108,1
DA:109,1
LF:30
LH:30
BRDA:25,0,0,9
BRDA:25,0,1,1
BRF:2
BRH:2
end_of_record
TN:
SF:app/utils/Logger.ts
FN:21,getTimestamp
FN:27,getCaller
FN:47,(anonymous_2)
FNF:3
FNH:3
FNDA:11,getTimestamp
FNDA:11,getCaller
FNDA:12,(anonymous_2)
DA:10,3
DA:17,3
DA:18,3
DA:19,3
DA:22,11
DA:23,11
DA:28,11
DA:29,11
DA:31,11
DA:32,11
DA:34,11
DA:35,11
DA:36,11
DA:37,11
DA:39,0
DA:40,0
DA:41,0
DA:43,0
DA:47,3
DA:48,12
DA:50,11
DA:51,11
DA:52,11
DA:53,11
DA:54,11
DA:56,11
DA:57,1
DA:59,10
LF:28
LH:24
BRDA:29,0,0,0
BRDA:29,0,1,11
BRDA:32,1,0,11
BRDA:32,1,1,0
BRDA:32,1,2,0
BRDA:35,2,0,11
BRDA:35,2,1,0
BRDA:40,3,0,0
BRDA:40,3,1,0
BRDA:48,4,0,1
BRDA:48,4,1,11
BRDA:51,5,0,11
BRDA:51,5,1,0
BRDA:53,6,0,9
BRDA:53,6,1,2
BRDA:56,7,0,1
BRDA:56,7,1,10
BRF:17
BRH:10
end_of_record
TN:
SF:app/utils/StorageService.ts
FN:7,(anonymous_0)
FN:17,(anonymous_1)
FN:29,(anonymous_2)
FN:39,(anonymous_3)
FNF:4
FNH:4
FNDA:2,(anonymous_0)
FNDA:1,(anonymous_1)
FNDA:1,(anonymous_2)
FNDA:6,(anonymous_3)
DA:4,2
DA:5,2
DA:8,2
DA:9,2
DA:10,1
DA:12,1
DA:18,1
DA:19,1
DA:20,1
DA:21,1
DA:23,0
DA:24,0
DA:30,1
DA:31,1
DA:32,1
DA:34,0
DA:40,6
DA:41,6
DA:42,6
DA:44,0
LF:20
LH:16
BRF:0
BRH:0
end_of_record
TN:
SF:assets/Models/Events/Events.ts
FN:81,(anonymous_0)
FN:89,(anonymous_1)
FNF:2
FNH:0
FNDA:0,(anonymous_0)
FNDA:0,(anonymous_1)
DA:34,1
DA:41,1
DA:82,0
DA:83,0
DA:85,0
DA:86,0
DA:90,0
DA:91,0
DA:93,0
LF:9
LH:2
BRDA:82,0,0,0
BRDA:82,0,1,0
BRDA:86,1,0,0
BRDA:86,1,1,0
BRDA:90,2,0,0
BRDA:90,2,1,0
BRF:6
BRH:0
end_of_record
TN:
SF:assets/images/clean.png
FNF:0
FNH:0
DA:1,1
LF:1
LH:1
BRF:0
BRH:0
end_of_record
TN:
SF:assets/images/mikve.png
FNF:0
FNH:0
DA:1,1
LF:1
LH:1
BRF:0
BRH:0
end_of_record
TN:
SF:assets/images/stain.png
FNF:0
FNH:0
DA:1,1
LF:1
LH:1
BRF:0
BRH:0
end_of_record
TN:
SF:assets/images/stain_to_clean.png
FNF:0
FNH:0
DA:1,1
LF:1
LH:1
BRF:0
BRH:0
end_of_record
TN:
SF:assets/images/veset.png
FNF:0
FNH:0
DA:1,1
LF:1
LH:1
BRF:0
BRH:0
end_of_record
TN:
SF:assets/images/veset_day.png
FNF:0
FNH:0
DA:1,1
LF:1
LH:1
BRF:0
BRH:0
end_of_record
TN:
SF:assets/images/veset_night.png
FNF:0
FNH:0
DA:1,1
LF:1
LH:1
BRF:0
BRH:0
end_of_record
TN:
SF:assets/images/veset_to_clean.png
FNF:0
FNH:0
DA:1,1
LF:1
LH:1
BRF:0
BRH:0
end_of_record
TN:
SF:assets/images/veset_to_stain.png
FNF:0
FNH:0
DA:1,1
LF:1
LH:1
BRF:0
BRH:0
end_of_record
